[GIN-debug] [WARNING] Creating an Engine instance with the Logger and Recovery middleware already attached.

[GIN-debug] [WARNING] Running in "debug" mode. Switch to "release" mode in production.
 - using env:	export GIN_MODE=release
 - using code:	gin.SetMode(gin.ReleaseMode)

[GIN-debug] Loaded HTML Templates (6): 
	- 404.html
	- car_manage.html
	- dynamic.html
	- index.html
	- trail.html
	- 

[GIN-debug] GET    /static/*filepath         --> github.com/gin-gonic/gin.(*RouterGroup).createStaticHandler.func1 (4 handlers)
[GIN-debug] HEAD   /static/*filepath         --> github.com/gin-gonic/gin.(*RouterGroup).createStaticHandler.func1 (4 handlers)
[GIN-debug] GET    /template/*filepath       --> github.com/gin-gonic/gin.(*RouterGroup).createStaticHandler.func1 (4 handlers)
[GIN-debug] HEAD   /template/*filepath       --> github.com/gin-gonic/gin.(*RouterGroup).createStaticHandler.func1 (4 handlers)
[GIN-debug] GET    /favicon.ico              --> github.com/gin-gonic/gin.(*RouterGroup).StaticFile.func1 (4 handlers)
[GIN-debug] HEAD   /favicon.ico              --> github.com/gin-gonic/gin.(*RouterGroup).StaticFile.func1 (4 handlers)
[GIN-debug] GET    /                         --> car_pc/app.IndexGet (4 handlers)
[GIN-debug] POST   /                         --> car_pc/app.IndexPost (4 handlers)
[GIN-debug] [WARNING] You trusted all proxies, this is NOT safe. We recommend you to set a value.
Please check https://pkg.go.dev/github.com/gin-gonic/gin#readme-don-t-trust-all-proxies for details.
[GIN-debug] Listening and serving HTTP on :8090
[GIN] 2024/10/28 - 14:51:32 | 200 |      1.5763ms |       127.0.0.1 | GET      "/"
[GIN] 2024/10/28 - 14:51:36 | 200 |      1.8978ms |       127.0.0.1 | GET      "/"
[GIN] 2024/10/28 - 14:59:46 | 200 |      1.8276ms |       127.0.0.1 | GET      "/"
[GIN] 2024/10/28 - 15:04:41 | 200 |      2.2578ms |       127.0.0.1 | GET      "/"
[GIN] 2024/10/28 - 15:04:47 | 200 |      2.0355ms |       127.0.0.1 | GET      "/"
[GIN] 2024/10/28 - 15:04:54 | 200 |      1.5713ms |       127.0.0.1 | GET      "/"
